<?xml version="1.0" encoding="UTF-8"?>
<!-- Generated by org.testng.reporters.JUnitReportReporter -->
<testsuite skipped="0" hostname="DESKTOP-M3H47RD" name="com.Libre.Registration.autoLoginTest" tests="1" failures="0" timestamp="15 Sep 2017 07:36:35 GMT" time="82.087" errors="0">
  <testcase name="verifyAutoLogin" time="82.087" classname="com.Libre.Registration.autoLoginTest"/>
</testsuite> <!-- com.Libre.Registration.autoLoginTest -->
