<?xml version="1.0" encoding="UTF-8"?>
<!-- Generated by org.testng.reporters.JUnitReportReporter -->
<testsuite skipped="0" hostname="DESKTOP-M3H47RD" name="com.Libre.Registration.FacilityManagerTest" tests="3" failures="0" timestamp="19 Sep 2017 14:11:18 GMT" time="186.598" errors="0">
  <testcase name="VerifyEditFunctionalityForIO" time="59.449" classname="com.Libre.Registration.FacilityManagerTest"/>
  <testcase name="VerifyCancelEditingFunctionalityForIO" time="71.315" classname="com.Libre.Registration.FacilityManagerTest"/>
  <testcase name="VerifyDeleteFunctionalityForIO" time="55.834" classname="com.Libre.Registration.FacilityManagerTest"/>
</testsuite> <!-- com.Libre.Registration.FacilityManagerTest -->
